[debug] [2025-08-14T01:20:56.498Z] ----------------------------------------------------------------------
[debug] [2025-08-14T01:20:56.501Z] Command:       C:\Program Files\nodejs\node.exe C:\Users\Kyle\AppData\Roaming\npm\node_modules\firebase-tools\lib\bin\firebase.js init
[debug] [2025-08-14T01:20:56.501Z] CLI Version:   14.12.0
[debug] [2025-08-14T01:20:56.502Z] Platform:      win32
[debug] [2025-08-14T01:20:56.502Z] Node Version:  v20.1.0
[debug] [2025-08-14T01:20:56.502Z] Time:          Wed Aug 13 2025 21:20:56 GMT-0400 (Eastern Daylight Time)
[debug] [2025-08-14T01:20:56.502Z] ----------------------------------------------------------------------
[debug] 
[debug] [2025-08-14T01:20:56.509Z] > command requires scopes: ["email","openid","https://www.googleapis.com/auth/cloudplatformprojects.readonly","https://www.googleapis.com/auth/firebase","https://www.googleapis.com/auth/cloud-platform"]
[debug] [2025-08-14T01:20:56.509Z] > authorizing via signed-in user (kylelindborg99@gmail.com)
[info] 
     ######## #### ########  ######## ########     ###     ######  ########
     ##        ##  ##     ## ##       ##     ##  ##   ##  ##       ##
     ######    ##  ########  ######   ########  #########  ######  ######
     ##        ##  ##    ##  ##       ##     ## ##     ##       ## ##
     ##       #### ##     ## ######## ########  ##     ##  ######  ########

You're about to initialize a Firebase project in this directory:

  C:\Users\Kyle\Documents\HarvestHub\harvest-hub

[debug] [2025-08-14T01:20:59.981Z] ExitPromptError: User force closed the prompt with SIGINT
    at Interface.sigint (C:\Users\Kyle\AppData\Roaming\npm\node_modules\firebase-tools\node_modules\@inquirer\core\dist\commonjs\lib\create-prompt.js:101:37)
    at Interface.emit (node:events:511:28)
    at Interface.emit (node:domain:489:12)
    at [_ttyWrite] [as _ttyWrite] (node:internal/readline/interface:1124:18)
    at ReadStream.onkeypress (node:internal/readline/interface:263:20)
    at ReadStream.emit (node:events:523:35)
    at ReadStream.emit (node:domain:489:12)
    at emitKeys (node:internal/readline/utils:357:14)
    at emitKeys.next (<anonymous>)
    at ReadStream.onData (node:internal/readline/emitKeypressEvents:64:36)
[error] 
[error] Error: An unexpected error has occurred.
